2025-03-27 16:22:58,426 [INFO] Activator:176 - 


2025-03-27 16:22:58,431 [INFO] Activator:177 - !SESSION log4j initialized
2025-03-27 16:23:03,010 [INFO] LogOutputStream:77 - [STDOUT_REDIRECT] 
2025-03-27 16:23:06,057 [INFO] ApplicationProperties:184 - Using Application install path: C:\ST\STM32CubeIDE_1.17.0\STM32CubeIDE\plugins\com.st.stm32cube.common.mx_6.13.0.202411220809
2025-03-27 16:23:06,081 [INFO] DbMcusXml:78 - Set database path to: C:\ST\STM32CubeIDE_1.17.0\STM32CubeIDE\plugins\com.st.stm32cube.common.mx_6.13.0.202411220809\\db\/mcu/
2025-03-27 16:23:06,082 [INFO] ApiDb:274 - Set plugin database path to: C:\ST\STM32CubeIDE_1.17.0\STM32CubeIDE\plugins\com.st.stm32cube.common.mx_6.13.0.202411220809\\db\/plugins/boardmanager/
2025-03-27 16:23:06,083 [WARN] ApiDb:259 - Overriding images path with different value:  => C:\ST\STM32CubeIDE_1.17.0\STM32CubeIDE\plugins\com.st.stm32cube.common.mx_6.13.0.202411220809\\db\/plugins/mcufinder/images/
2025-03-27 16:23:06,092 [INFO] ApiDb:250 - Set database path to: C:\Users\adity\.stmcufinder\plugins\mcufinder//mcu/
2025-03-27 16:23:06,093 [INFO] DbMcusAds:125 - Set database path to: C:\Users\adity\.stmcufinder\plugins\mcufinder//mcu/
2025-03-27 16:23:06,097 [INFO] CrossReferenceDbSqlite:203 - Set database path to: C:\Users\adity\.stmcufinder\plugins\mcufinder//mcu/cs/
2025-03-27 16:23:06,287 [INFO] RulesReader:64 - Compatibility file has been processed (297 Rules)
2025-03-27 16:23:06,407 [INFO] DbMcusXml:78 - Set database path to: C:\ST\STM32CubeIDE_1.17.0\STM32CubeIDE\plugins\com.st.stm32cube.common.mx_6.13.0.202411220809\\db\/mcu/
2025-03-27 16:23:06,407 [INFO] ApiDb:274 - Set plugin database path to: C:\ST\STM32CubeIDE_1.17.0\STM32CubeIDE\plugins\com.st.stm32cube.common.mx_6.13.0.202411220809\\db\/plugins/boardmanager/
2025-03-27 16:23:06,407 [INFO] ApiDb:261 - Set plugin images path to: C:\ST\STM32CubeIDE_1.17.0\STM32CubeIDE\plugins\com.st.stm32cube.common.mx_6.13.0.202411220809\\db\/plugins/mcufinder/images/
2025-03-27 16:23:06,407 [WARN] DbFile:41 - Overriding database path with different value: C:\Users\adity\.stmcufinder\plugins\mcufinder/ => C:\Users\adity\.stmcufinder\plugins\mcufinder
2025-03-27 16:23:06,408 [INFO] ApiDb:250 - Set database path to: C:\Users\adity\.stmcufinder\plugins\mcufinder//mcu/
2025-03-27 16:23:06,408 [WARN] DbFile:41 - Overriding database path with different value: C:\Users\adity\.stmcufinder\plugins\mcufinder/ => C:\Users\adity\.stmcufinder\plugins\mcufinder
2025-03-27 16:23:06,408 [INFO] DbMcusAds:125 - Set database path to: C:\Users\adity\.stmcufinder\plugins\mcufinder//mcu/
2025-03-27 16:23:06,408 [WARN] DbFile:41 - Overriding database path with different value: C:\Users\adity\.stmcufinder\plugins\mcufinder/ => C:\Users\adity\.stmcufinder\plugins\mcufinder
2025-03-27 16:23:06,408 [WARN] DbFile:41 - Overriding database path with different value: C:\Users\adity\.stmcufinder\plugins\mcufinder/ => C:\Users\adity\.stmcufinder\plugins\mcufinder
2025-03-27 16:23:06,408 [INFO] CrossReferenceDbSqlite:203 - Set database path to: C:\Users\adity\.stmcufinder\plugins\mcufinder//mcu/cs/
2025-03-27 16:23:06,542 [INFO] MainPanel:272 - HeapMemory: 268435456
2025-03-27 16:23:06,710 [INFO] DbMcusXml:78 - Set database path to: C:\ST\STM32CubeIDE_1.17.0\STM32CubeIDE\plugins\com.st.stm32cube.common.mx_6.13.0.202411220809\\db\/mcu/
2025-03-27 16:23:06,710 [INFO] ApiDb:274 - Set plugin database path to: C:\ST\STM32CubeIDE_1.17.0\STM32CubeIDE\plugins\com.st.stm32cube.common.mx_6.13.0.202411220809\\db\/plugins/boardmanager/
2025-03-27 16:23:06,711 [INFO] ApiDb:261 - Set plugin images path to: C:\ST\STM32CubeIDE_1.17.0\STM32CubeIDE\plugins\com.st.stm32cube.common.mx_6.13.0.202411220809\\db\/plugins/mcufinder/images/
2025-03-27 16:23:06,711 [WARN] DbFile:41 - Overriding database path with different value: C:\Users\adity\.stmcufinder\plugins\mcufinder/ => C:\Users\adity\.stmcufinder\plugins\mcufinder
2025-03-27 16:23:06,711 [INFO] ApiDb:250 - Set database path to: C:\Users\adity\.stmcufinder\plugins\mcufinder//mcu/
2025-03-27 16:23:06,711 [WARN] DbFile:41 - Overriding database path with different value: C:\Users\adity\.stmcufinder\plugins\mcufinder/ => C:\Users\adity\.stmcufinder\plugins\mcufinder
2025-03-27 16:23:06,711 [INFO] DbMcusAds:125 - Set database path to: C:\Users\adity\.stmcufinder\plugins\mcufinder//mcu/
2025-03-27 16:23:06,711 [WARN] DbFile:41 - Overriding database path with different value: C:\Users\adity\.stmcufinder\plugins\mcufinder/ => C:\Users\adity\.stmcufinder\plugins\mcufinder
2025-03-27 16:23:06,711 [WARN] DbFile:41 - Overriding database path with different value: C:\Users\adity\.stmcufinder\plugins\mcufinder/ => C:\Users\adity\.stmcufinder\plugins\mcufinder
2025-03-27 16:23:06,711 [INFO] CrossReferenceDbSqlite:203 - Set database path to: C:\Users\adity\.stmcufinder\plugins\mcufinder//mcu/cs/
2025-03-27 16:23:06,739 [INFO] ApplicationProperties:184 - Using Application install path: C:\ST\STM32CubeIDE_1.17.0\STM32CubeIDE\plugins\com.st.stm32cube.common.mx_6.13.0.202411220809
2025-03-27 16:23:06,743 [INFO] PluginManage:196 - Search for loadable plugins [exclusion list=, ]
2025-03-27 16:23:06,746 [INFO] PluginManage:310 - Check plugin analytics
2025-03-27 16:23:07,044 [INFO] AnalyticsPlugin:253 - Accepted Software Licenses: 
2025-03-27 16:23:07,044 [INFO] AnalyticsPlugin:255 - Accepted CMSIS Pack Licenses: 
2025-03-27 16:23:07,045 [INFO] AnalyticsPlugin:257 - Accepted Firmware Licenses: 
2025-03-27 16:23:07,051 [INFO] PluginManage:359 - Loaded plugin analytics (category:tool,tabindex:-1)
2025-03-27 16:23:07,051 [INFO] PluginManage:310 - Check plugin cadmodel
2025-03-27 16:23:07,069 [INFO] CADModel:105 - Init CAD model plugin
2025-03-27 16:23:07,069 [INFO] PluginManage:359 - Loaded plugin cadmodel (category:power,tabindex:5)
2025-03-27 16:23:07,069 [INFO] PluginManage:310 - Check plugin clock
2025-03-27 16:23:07,090 [INFO] PluginManage:359 - Loaded plugin clock (category:base,tabindex:2)
2025-03-27 16:23:07,090 [INFO] PluginManage:310 - Check plugin ddr
2025-03-27 16:23:07,093 [INFO] PluginManage:359 - Loaded plugin ddr (category:tool,tabindex:6)
2025-03-27 16:23:07,093 [INFO] PluginManage:310 - Check plugin filemanager
2025-03-27 16:23:07,359 [INFO] PluginManage:359 - Loaded plugin filemanager (category:base,tabindex:10)
2025-03-27 16:23:07,359 [INFO] PluginManage:310 - Check plugin ipmanager
2025-03-27 16:23:07,369 [INFO] PluginManage:359 - Loaded plugin ipmanager (category:base,tabindex:5)
2025-03-27 16:23:07,369 [INFO] PluginManage:310 - Check plugin lpbam
2025-03-27 16:23:07,386 [INFO] PluginManage:359 - Loaded plugin lpbam (category:base,tabindex:0)
2025-03-27 16:23:07,386 [INFO] PluginManage:310 - Check plugin memorymap
2025-03-27 16:23:07,418 [INFO] PluginManage:359 - Loaded plugin memorymap (category:base,tabindex:4)
2025-03-27 16:23:07,418 [INFO] PluginManage:310 - Check plugin pinoutandconfiguration
2025-03-27 16:23:07,444 [INFO] PluginManage:359 - Loaded plugin pinoutandconfiguration (category:base,tabindex:1)
2025-03-27 16:23:07,444 [INFO] PluginManage:310 - Check plugin pinoutconfig
2025-03-27 16:23:07,609 [WARN] SupportedApi:132 - Cannot load RTOS API schema: s4s-elt-must-match.1: The content of 'definitions' must match (annotation?, (simpleType | complexType)?, (unique | key | keyref)*)). A problem was found starting at: attribute.
2025-03-27 16:23:07,860 [INFO] PluginManage:359 - Loaded plugin pinoutconfig (category:base,tabindex:0)
2025-03-27 16:23:07,860 [INFO] PluginManage:310 - Check plugin power
2025-03-27 16:23:07,885 [INFO] PluginManage:359 - Loaded plugin power (category:power,tabindex:4)
2025-03-27 16:23:07,885 [INFO] PluginManage:310 - Check plugin projectmanager
2025-03-27 16:23:07,909 [INFO] PluginManage:359 - Loaded plugin projectmanager (category:projectmanager,tabindex:4)
2025-03-27 16:23:07,909 [INFO] PluginManage:310 - Check plugin rif
2025-03-27 16:23:07,942 [INFO] PluginManage:359 - Loaded plugin rif (category:base,tabindex:3)
2025-03-27 16:23:07,943 [INFO] PluginManage:310 - Check plugin thirdparty
2025-03-27 16:23:08,308 [WARN] IntegrityCheckThread:84 - waiting for thirdparty lock release [integrity check]
2025-03-27 16:23:08,308 [INFO] IntegrityCheckThread:86 - entering critical section [integrity check]
2025-03-27 16:23:08,309 [INFO] ThirdPartyUpdaterWithRetryManager:70 - Updater plugin not ready yet. [1/15]
2025-03-27 16:23:08,309 [INFO] PluginManage:359 - Loaded plugin thirdparty (category:base,tabindex:-1)
2025-03-27 16:23:08,309 [INFO] PluginManage:310 - Check plugin tools
2025-03-27 16:23:08,349 [INFO] PluginManage:359 - Loaded plugin tools (category:base,tabindex:7)
2025-03-27 16:23:08,349 [INFO] PluginManage:310 - Check plugin tutovideos
2025-03-27 16:23:08,538 [INFO] PluginManage:359 - Loaded plugin tutovideos (category:base,tabindex:-1)
2025-03-27 16:23:08,538 [INFO] PluginManage:310 - Check plugin updater
2025-03-27 16:23:08,560 [INFO] PluginManage:359 - Loaded plugin updater (category:base,tabindex:12)
2025-03-27 16:23:08,561 [INFO] PluginManage:310 - Check plugin userauth
2025-03-27 16:23:08,567 [INFO] UserAuth:118 - Init User Auth plugin
2025-03-27 16:23:08,569 [INFO] PluginManage:359 - Loaded plugin userauth (category:base,tabindex:14)
2025-03-27 16:23:08,569 [INFO] PluginManage:283 - PluginManage : Loaded plugins [18]
2025-03-27 16:23:08,812 [INFO] PinOutPanel:1589 - setPackage(No Configuration,No Configuration)
2025-03-27 16:23:08,907 [INFO] CADModel:165 - CPN selected for project level
2025-03-27 16:23:08,907 [INFO] CADModel:114 - Register for checkConnection events
2025-03-27 16:23:08,937 [INFO] IPUIPlugin:80 - create IPUIPlugin
2025-03-27 16:23:08,937 [INFO] PluginManager:220 - loadIPPluginJar : add adc
2025-03-27 16:23:08,987 [INFO] IPUIPlugin:80 - create IPUIPlugin
2025-03-27 16:23:08,987 [INFO] PluginManager:220 - loadIPPluginJar : add aes
2025-03-27 16:23:09,040 [INFO] IPUIPlugin:80 - create IPUIPlugin
2025-03-27 16:23:09,040 [INFO] PluginManager:220 - loadIPPluginJar : add can
2025-03-27 16:23:09,077 [INFO] IPUIPlugin:80 - create IPUIPlugin
2025-03-27 16:23:09,077 [INFO] PluginManager:220 - loadIPPluginJar : add comp
2025-03-27 16:23:09,121 [INFO] IPUIPlugin:80 - create IPUIPlugin
2025-03-27 16:23:09,121 [INFO] PluginManager:220 - loadIPPluginJar : add cryp
2025-03-27 16:23:09,137 [INFO] IPUIPlugin:80 - create IPUIPlugin
2025-03-27 16:23:09,138 [INFO] PluginManager:220 - loadIPPluginJar : add ddr_ctrl_phy
2025-03-27 16:23:09,177 [INFO] IPUIPlugin:80 - create IPUIPlugin
2025-03-27 16:23:09,178 [INFO] PluginManager:220 - loadIPPluginJar : add dfsdm
2025-03-27 16:23:09,193 [INFO] IPUIPlugin:80 - create IPUIPlugin
2025-03-27 16:23:09,194 [INFO] PluginManager:220 - loadIPPluginJar : add dma
2025-03-27 16:23:09,239 [INFO] IPUIPlugin:80 - create IPUIPlugin
2025-03-27 16:23:09,239 [INFO] PluginManager:220 - loadIPPluginJar : add dma3
2025-03-27 16:23:09,293 [INFO] IPUIPlugin:80 - create IPUIPlugin
2025-03-27 16:23:09,293 [INFO] PluginManager:220 - loadIPPluginJar : add extmemmanager
2025-03-27 16:23:09,336 [INFO] IPUIPlugin:80 - create IPUIPlugin
2025-03-27 16:23:09,336 [INFO] PluginManager:220 - loadIPPluginJar : add fatfs
2025-03-27 16:23:09,398 [INFO] IPUIPlugin:80 - create IPUIPlugin
2025-03-27 16:23:09,398 [INFO] PluginManager:220 - loadIPPluginJar : add fmc
2025-03-27 16:23:09,426 [INFO] IPUIPlugin:80 - create IPUIPlugin
2025-03-27 16:23:09,426 [INFO] PluginManager:220 - loadIPPluginJar : add freertos
2025-03-27 16:23:09,451 [INFO] IPUIPlugin:80 - create IPUIPlugin
2025-03-27 16:23:09,452 [INFO] PluginManager:220 - loadIPPluginJar : add genericplugin
2025-03-27 16:23:09,563 [INFO] IPUIPlugin:80 - create IPUIPlugin
2025-03-27 16:23:09,563 [INFO] PluginManager:220 - loadIPPluginJar : add gfxmmu
2025-03-27 16:23:09,722 [INFO] IPUIPlugin:80 - create IPUIPlugin
2025-03-27 16:23:09,722 [INFO] PluginManager:220 - loadIPPluginJar : add gic
2025-03-27 16:23:09,748 [INFO] IPUIPlugin:80 - create IPUIPlugin
2025-03-27 16:23:09,748 [INFO] PluginManager:220 - loadIPPluginJar : add gpio
2025-03-27 16:23:09,852 [INFO] IPUIPlugin:80 - create IPUIPlugin
2025-03-27 16:23:09,852 [INFO] PluginManager:220 - loadIPPluginJar : add gtzc
2025-03-27 16:23:09,908 [INFO] IPUIPlugin:80 - create IPUIPlugin
2025-03-27 16:23:09,908 [INFO] PluginManager:220 - loadIPPluginJar : add hash
2025-03-27 16:23:09,969 [INFO] IPUIPlugin:80 - create IPUIPlugin
2025-03-27 16:23:09,969 [INFO] PluginManager:220 - loadIPPluginJar : add i2c
2025-03-27 16:23:10,024 [INFO] IPUIPlugin:80 - create IPUIPlugin
2025-03-27 16:23:10,024 [INFO] PluginManager:220 - loadIPPluginJar : add i2s
2025-03-27 16:23:10,068 [INFO] IPUIPlugin:80 - create IPUIPlugin
2025-03-27 16:23:10,068 [INFO] PluginManager:220 - loadIPPluginJar : add i3c
2025-03-27 16:23:10,172 [INFO] IPUIPlugin:80 - create IPUIPlugin
2025-03-27 16:23:10,172 [INFO] PluginManager:220 - loadIPPluginJar : add ipddr
2025-03-27 16:23:10,259 [INFO] IPUIPlugin:80 - create IPUIPlugin
2025-03-27 16:23:10,259 [INFO] PluginManager:220 - loadIPPluginJar : add linkedlist
2025-03-27 16:23:10,317 [INFO] IPUIPlugin:80 - create IPUIPlugin
2025-03-27 16:23:10,317 [INFO] PluginManager:220 - loadIPPluginJar : add lorawan
2025-03-27 16:23:10,357 [INFO] IPUIPlugin:80 - create IPUIPlugin
2025-03-27 16:23:10,357 [INFO] PluginManager:220 - loadIPPluginJar : add ltdc
2025-03-27 16:23:10,371 [INFO] IPUIPlugin:80 - create IPUIPlugin
2025-03-27 16:23:10,371 [INFO] PluginManager:220 - loadIPPluginJar : add mdma
2025-03-27 16:23:10,385 [INFO] IPUIPlugin:80 - create IPUIPlugin
2025-03-27 16:23:10,385 [INFO] PluginManager:220 - loadIPPluginJar : add nvic
2025-03-27 16:23:10,426 [INFO] IPUIPlugin:80 - create IPUIPlugin
2025-03-27 16:23:10,426 [INFO] PluginManager:220 - loadIPPluginJar : add opamp
2025-03-27 16:23:10,503 [INFO] IPUIPlugin:80 - create IPUIPlugin
2025-03-27 16:23:10,503 [INFO] PluginManager:220 - loadIPPluginJar : add openamp
2025-03-27 16:23:10,556 [INFO] IPUIPlugin:80 - create IPUIPlugin
2025-03-27 16:23:10,556 [INFO] PluginManager:220 - loadIPPluginJar : add pdm2pcm
2025-03-27 16:23:10,572 [INFO] IPUIPlugin:80 - create IPUIPlugin
2025-03-27 16:23:10,574 [INFO] PluginManager:220 - loadIPPluginJar : add plateformsettings
2025-03-27 16:23:10,601 [INFO] IPUIPlugin:80 - create IPUIPlugin
2025-03-27 16:23:10,602 [INFO] PluginManager:220 - loadIPPluginJar : add quadspi
2025-03-27 16:23:10,631 [INFO] IPUIPlugin:80 - create IPUIPlugin
2025-03-27 16:23:10,633 [INFO] PluginManager:220 - loadIPPluginJar : add radio
2025-03-27 16:23:10,648 [INFO] IPUIPlugin:80 - create IPUIPlugin
2025-03-27 16:23:10,648 [INFO] PluginManager:220 - loadIPPluginJar : add resmgrutility
2025-03-27 16:23:10,703 [INFO] IPUIPlugin:80 - create IPUIPlugin
2025-03-27 16:23:10,703 [INFO] PluginManager:220 - loadIPPluginJar : add sai
2025-03-27 16:23:10,765 [INFO] IPUIPlugin:80 - create IPUIPlugin
2025-03-27 16:23:10,765 [INFO] PluginManager:220 - loadIPPluginJar : add spi
2025-03-27 16:23:10,839 [INFO] IPUIPlugin:80 - create IPUIPlugin
2025-03-27 16:23:10,839 [INFO] PluginManager:220 - loadIPPluginJar : add stm32_wpan
2025-03-27 16:23:10,875 [INFO] IPUIPlugin:80 - create IPUIPlugin
2025-03-27 16:23:10,875 [INFO] PluginManager:220 - loadIPPluginJar : add tim
2025-03-27 16:23:10,945 [INFO] IPUIPlugin:80 - create IPUIPlugin
2025-03-27 16:23:10,945 [INFO] PluginManager:220 - loadIPPluginJar : add touchsensing
2025-03-27 16:23:10,990 [INFO] IPUIPlugin:80 - create IPUIPlugin
2025-03-27 16:23:10,990 [INFO] PluginManager:220 - loadIPPluginJar : add tracer_emb
2025-03-27 16:23:11,019 [INFO] IPUIPlugin:80 - create IPUIPlugin
2025-03-27 16:23:11,019 [INFO] PluginManager:220 - loadIPPluginJar : add ts
2025-03-27 16:23:11,048 [INFO] IPUIPlugin:80 - create IPUIPlugin
2025-03-27 16:23:11,048 [INFO] PluginManager:220 - loadIPPluginJar : add tsc
2025-03-27 16:23:11,075 [INFO] IPUIPlugin:80 - create IPUIPlugin
2025-03-27 16:23:11,075 [INFO] PluginManager:220 - loadIPPluginJar : add ucpd
2025-03-27 16:23:11,125 [INFO] IPUIPlugin:80 - create IPUIPlugin
2025-03-27 16:23:11,126 [INFO] PluginManager:220 - loadIPPluginJar : add usart
2025-03-27 16:23:11,190 [INFO] IPUIPlugin:80 - create IPUIPlugin
2025-03-27 16:23:11,190 [INFO] PluginManager:220 - loadIPPluginJar : add usbx
2025-03-27 16:23:11,310 [INFO] ThirdPartyUpdaterWithRetryManager:70 - Updater plugin not ready yet. [2/15]
2025-03-27 16:23:11,342 [FATAL] Updater:351 - Updater called before beeing initialized
2025-03-27 16:23:11,380 [INFO] RulesReader:64 - Compatibility file has been processed (297 Rules)
2025-03-27 16:23:11,395 [INFO] RulesReader:64 - Compatibility file has been processed (297 Rules)
2025-03-27 16:23:11,406 [INFO] CADModel:165 - CPN selected for project level
2025-03-27 16:23:11,406 [INFO] CADModel:114 - Register for checkConnection events
2025-03-27 16:23:11,406 [FATAL] Updater:351 - Updater called before beeing initialized
2025-03-27 16:23:11,406 [ERROR] CADModel:125 - Updater not yet initialized, retry later 
2025-03-27 16:23:11,745 [FATAL] Updater:351 - Updater called before beeing initialized
2025-03-27 16:23:11,747 [INFO] CADModel:165 - CPN selected for project level
2025-03-27 16:23:11,747 [INFO] CADModel:114 - Register for checkConnection events
2025-03-27 16:23:11,747 [FATAL] Updater:351 - Updater called before beeing initialized
2025-03-27 16:23:11,747 [ERROR] CADModel:125 - Updater not yet initialized, retry later 
2025-03-27 16:23:11,749 [FATAL] Updater:351 - Updater called before beeing initialized
2025-03-27 16:23:11,882 [FATAL] Updater:351 - Updater called before beeing initialized
2025-03-27 16:23:11,899 [INFO] DbMcusAds:53 - JSON generation date=Thu Mar 06 09:54:21 EST 2025 (1741272861825)
2025-03-27 16:23:11,900 [FATAL] Updater:351 - Updater called before beeing initialized
2025-03-27 16:23:11,944 [WARN] DetailPanel:346 - Failed to get advertising image, set to default
2025-03-27 16:23:12,162 [FATAL] Updater:351 - Updater called before beeing initialized
2025-03-27 16:23:12,169 [FATAL] Updater:351 - Updater called before beeing initialized
2025-03-27 16:23:12,169 [FATAL] Updater:351 - Updater called before beeing initialized
2025-03-27 16:23:12,170 [WARN] DetailPanel:346 - Failed to get advertising image, set to default
2025-03-27 16:23:12,171 [FATAL] Updater:351 - Updater called before beeing initialized
2025-03-27 16:23:12,247 [ERROR] Updater:1198 - MainUpdater not yet initialized. External WinMGr cannot be set.
2025-03-27 16:23:12,258 [INFO] Updater:1134 - Updater Version found : 6.13.0
2025-03-27 16:23:12,276 [INFO] ApplicationProperties:184 - Using Application install path: C:\ST\STM32CubeIDE_1.17.0\STM32CubeIDE\plugins\com.st.stm32cube.common.mx_6.13.0.202411220809
2025-03-27 16:23:13,874 [ERROR] LogOutputStream:75 - [STDERR_REDIRECT] Mar 27, 2025 4:23:13 PM java.util.prefs.WindowsPreferences <init>
2025-03-27 16:23:13,875 [ERROR] LogOutputStream:75 - [STDERR_REDIRECT] WARNING: Could not open/create prefs root node Software\JavaSoft\Prefs at root 0xffffffff80000002. Windows RegCreateKeyEx(...) returned error code 5.
2025-03-27 16:23:13,876 [ERROR] LogOutputStream:75 - [STDERR_REDIRECT] 
2025-03-27 16:23:14,312 [FATAL] Updater:351 - Updater called before beeing initialized
2025-03-27 16:23:14,313 [ERROR] IntegrityCheckThread:130 - Cannot retrieve database content from updater: error 21
2025-03-27 16:23:14,313 [INFO] ThirdParty:978 - Integrity check success = false
2025-03-27 16:23:14,313 [INFO] IntegrityCheckThread:100 - exiting critical section [integrity check]
2025-03-27 16:23:14,313 [INFO] IntegrityCheckThread:103 - End integrity checks thread
2025-03-27 16:23:14,369 [INFO] MainUpdater:2872 - connection check result : 10
2025-03-27 16:23:14,369 [INFO] MainUpdater:289 - Updater Check For Update Now.
2025-03-27 16:23:14,370 [INFO] MicroXplorer:498 - Change Database Version : DB.6.0.130
2025-03-27 16:23:14,404 [INFO] McuFinderGlobals:63 - Set McuFinder mode to 2 (CubeIDE integrated)
2025-03-27 16:23:14,413 [INFO] UserAuth:486 - Internet connection configuration mode: 1
2025-03-27 16:23:14,474 [INFO] JxBrowserEngine:152 - Initiate JxBrowser Engine with user profile folder
2025-03-27 16:23:14,619 [INFO] CheckServerUpdateThread:120 - End of CheckServer Thread
2025-03-27 16:23:15,682 [INFO] WebApp:168 - Instantiating new browser for Auth
2025-03-27 16:23:16,636 [INFO] WebApp:449 - Apply proxy settings
2025-03-27 16:23:16,636 [INFO] WebApp:534 - Chromium requires no authentication
2025-03-27 16:23:16,649 [INFO] WebApp:477 - Direct internet connection detected
2025-03-27 16:23:16,676 [INFO] WebApp:880 - Register for checkConnection events
2025-03-27 16:23:16,677 [INFO] WebApp:449 - Apply proxy settings
2025-03-27 16:23:16,677 [INFO] WebApp:534 - Chromium requires no authentication
2025-03-27 16:23:16,678 [INFO] WebApp:477 - Direct internet connection detected
2025-03-27 16:23:16,899 [INFO] WebApp:187 - Connection restablished
2025-03-27 16:23:16,945 [INFO] WebApp:221 - Starting web application
2025-03-27 16:23:16,946 [INFO] WebApp:579 - Web application path used C:\ST\STM32CubeIDE_1.17.0\STM32CubeIDE\plugins\com.st.stm32cube.common.mx_6.13.0.202411220809\db\plugins\mcufinder\reactClient1\index.html
2025-03-27 16:23:17,152 [INFO] UserAuth:486 - Internet connection configuration mode: 1
2025-03-27 16:24:19,295 [ERROR] LogOutputStream:75 - [STDERR_REDIRECT] 
